[2024-06-09 20:38:01,854] - INFO - Screenshot 2024-01-22 at 16-04-31 MJ Tak Entreprenad AB - \u041f\u043e\u0448\u0443\u043a Google.png was moved to C:/Users/Benjamin/Downloads\Images/Static\Screenshot 2024-01-22 at 16-04-31 MJ Tak Entreprenad AB - \u041f\u043e\u0448\u0443\u043a Google.png.
[2024-06-09 20:38:01,856] - INFO - Screenshot_2.png was moved to C:/Users/Benjamin/Downloads\Images/Static\Screenshot_2.png.
[2024-06-09 20:38:01,857] - INFO - Screenshot_20240126_134134.jpg was moved to C:/Users/Benjamin/Downloads\Images/Static\Screenshot_20240126_134134.jpg.
[2024-06-09 20:38:01,858] - INFO - Screenshot_3.png was moved to C:/Users/Benjamin/Downloads\Images/Static\Screenshot_3.png.
[2024-06-09 20:38:01,858] - INFO - Screenshot_4.png was moved to C:/Users/Benjamin/Downloads\Images/Static\Screenshot_4.png.
[2024-06-09 20:38:01,860] - INFO - Screenshot_5.png was moved to C:/Users/Benjamin/Downloads\Images/Static\Screenshot_5.png.
[2024-06-09 20:38:01,860] - INFO - Screenshot_6.png was moved to C:/Users/Benjamin/Downloads\Images/Static\Screenshot_6.png.
[2024-06-09 20:38:01,861] - INFO - Seal_of_the_FBI.svg was moved to C:/Users/Benjamin/Downloads\Images/SVGs\Seal_of_the_FBI.svg.
[2024-06-09 20:38:01,863] - INFO - SEB utskrift.pdf was moved to C:/Users/Benjamin/Downloads\Documents/PDFs\SEB utskrift.pdf.
[2024-06-09 20:38:01,864] - INFO - shield.svg was moved to C:/Users/Benjamin/Downloads\Images/SVGs\shield.svg.
[2024-06-09 20:38:01,864] - INFO - Star-Png-164.png was moved to C:/Users/Benjamin/Downloads\Images/Static\Star-Png-164.png.
[2024-06-09 20:38:01,865] - INFO - SUBDL.com interstellar1819485.zip was moved to C:/Users/Benjamin/Downloads\Archives\SUBDL.com interstellar1819485.zip.
[2024-06-09 20:38:01,866] - INFO - svgtopng.zip was moved to C:/Users/Benjamin/Downloads\Archives\svgtopng.zip.
[2024-06-09 20:38:01,866] - INFO - takDesign.pdf was moved to C:/Users/Benjamin/Downloads\Documents/PDFs\takDesign.pdf.
[2024-06-09 20:38:01,867] - INFO - takHemsida.pdf was moved to C:/Users/Benjamin/Downloads\Documents/PDFs\takHemsida.pdf.
[2024-06-09 20:38:01,868] - INFO - takomlaggning.webp was moved to C:/Users/Benjamin/Downloads\Miscellaneous/Other\takomlaggning.webp.
[2024-06-09 20:38:01,868] - INFO - tegelpannor_large-1.webp was moved to C:/Users/Benjamin/Downloads\Miscellaneous/Other\tegelpannor_large-1.webp.
[2024-06-09 20:38:01,869] - INFO - tegelpannor_large.webp was moved to C:/Users/Benjamin/Downloads\Miscellaneous/Other\tegelpannor_large.webp.
[2024-06-09 20:38:01,869] - INFO - Test.class was moved to C:/Users/Benjamin/Downloads\Miscellaneous/Other\Test.class.
[2024-06-09 20:38:01,870] - INFO - Test.java was moved to C:/Users/Benjamin/Downloads\Code/Programming\Test.java.
[2024-06-09 20:38:01,870] - INFO - Test.pdf was moved to C:/Users/Benjamin/Downloads\Documents/PDFs\Test.pdf.
[2024-06-09 20:38:01,870] - INFO - tests.svg was moved to C:/Users/Benjamin/Downloads\Images/SVGs\tests.svg.
[2024-06-09 20:38:01,870] - INFO - The_Design_of_Everyday_Things_Donald_A._Norman-1.pdf was moved to C:/Users/Benjamin/Downloads\Documents/PDFs\The_Design_of_Everyday_Things_Donald_A._Norman-1.pdf.
[2024-06-09 20:38:01,872] - INFO - The_Design_of_Everyday_Things_Donald_A._Norman.pdf was moved to C:/Users/Benjamin/Downloads\Documents/PDFs\The_Design_of_Everyday_Things_Donald_A._Norman.pdf.
[2024-06-09 20:38:01,872] - INFO - The_Hypertrophy_Handbook-1.pdf was moved to C:/Users/Benjamin/Downloads\Documents/PDFs\The_Hypertrophy_Handbook-1.pdf.
[2024-06-09 20:38:01,873] - INFO - The_Hypertrophy_Handbook-2.pdf was moved to C:/Users/Benjamin/Downloads\Documents/PDFs\The_Hypertrophy_Handbook-2.pdf.
[2024-06-09 20:38:01,873] - INFO - The_Hypertrophy_Handbook.pdf was moved to C:/Users/Benjamin/Downloads\Documents/PDFs\The_Hypertrophy_Handbook.pdf.
[2024-06-09 20:38:01,874] - INFO - The_Nutrition_Booklet.pdf was moved to C:/Users/Benjamin/Downloads\Documents/PDFs\The_Nutrition_Booklet.pdf.
[2024-06-09 20:38:01,874] - INFO - The_Pure_Bodybuilding_Program_-_Full_Body.pdf was moved to C:/Users/Benjamin/Downloads\Documents/PDFs\The_Pure_Bodybuilding_Program_-_Full_Body.pdf.
[2024-06-09 20:38:01,874] - INFO - The_Pure_Bodybuilding_Program_-_PPL-1.pdf was moved to C:/Users/Benjamin/Downloads\Documents/PDFs\The_Pure_Bodybuilding_Program_-_PPL-1.pdf.
[2024-06-09 20:38:01,875] - INFO - The_Pure_Bodybuilding_Program_-_PPL-2.pdf was moved to C:/Users/Benjamin/Downloads\Documents/PDFs\The_Pure_Bodybuilding_Program_-_PPL-2.pdf.
[2024-06-09 20:38:01,876] - INFO - The_Pure_Bodybuilding_Program_-_PPL.pdf was moved to C:/Users/Benjamin/Downloads\Documents/PDFs\The_Pure_Bodybuilding_Program_-_PPL.pdf.
[2024-06-09 20:38:01,876] - INFO - The_World_Almanac_and_Book_of_Facts_for.bibtex was moved to C:/Users/Benjamin/Downloads\Miscellaneous/Other\The_World_Almanac_and_Book_of_Facts_for.bibtex.
[2024-06-09 20:38:01,877] - INFO - The_World_Almanac_and_Book_of_Facts_for.enw was moved to C:/Users/Benjamin/Downloads\Miscellaneous/Other\The_World_Almanac_and_Book_of_Facts_for.enw.
[2024-06-09 20:38:01,877] - INFO - tiger.png was moved to C:/Users/Benjamin/Downloads\Images/Static\tiger.png.
[2024-06-09 20:38:01,878] - INFO - tinfied(1).zip was moved to C:/Users/Benjamin/Downloads\Archives\tinfied(1).zip.
[2024-06-09 20:38:01,879] - INFO - tinfied(2).zip was moved to C:/Users/Benjamin/Downloads\Archives\tinfied(2).zip.
[2024-06-09 20:38:01,879] - INFO - tinfied.zip was moved to C:/Users/Benjamin/Downloads\Archives\tinfied.zip.
[2024-06-09 20:38:01,880] - INFO - tinified(1).zip was moved to C:/Users/Benjamin/Downloads\Archives\tinified(1).zip.
[2024-06-09 20:38:01,880] - INFO - tinified.zip was moved to C:/Users/Benjamin/Downloads\Archives\tinified.zip.
[2024-06-09 20:38:01,882] - INFO - tjanster_hero-1-1.webp was moved to C:/Users/Benjamin/Downloads\Miscellaneous/Other\tjanster_hero-1-1.webp.
[2024-06-09 20:38:01,882] - INFO - tjanster_hero-1.webp was moved to C:/Users/Benjamin/Downloads\Miscellaneous/Other\tjanster_hero-1.webp.
[2024-06-09 20:38:01,883] - INFO - tjanster_hero.png was moved to C:/Users/Benjamin/Downloads\Images/Static\tjanster_hero.png.
[2024-06-09 20:38:01,883] - INFO - tjanster_hero.webp was moved to C:/Users/Benjamin/Downloads\Miscellaneous/Other\tjanster_hero.webp.
[2024-06-09 20:38:01,884] - INFO - UbisoftConnectInstaller.exe was moved to C:/Users/Benjamin/Downloads\Executables\UbisoftConnectInstaller.exe.
[2024-06-09 20:38:01,884] - INFO - underhall.webp was moved to C:/Users/Benjamin/Downloads\Miscellaneous/Other\underhall.webp.
[2024-06-09 20:38:01,885] - INFO - untitled(1).s was moved to C:/Users/Benjamin/Downloads\Miscellaneous/Other\untitled(1).s.
[2024-06-09 20:38:01,885] - INFO - untitled.s was moved to C:/Users/Benjamin/Downloads\Miscellaneous/Other\untitled.s.
[2024-06-09 20:38:01,886] - INFO - UserBenchmarkInstaller.exe was moved to C:/Users/Benjamin/Downloads\Executables\UserBenchmarkInstaller.exe.
[2024-06-09 20:38:01,886] - INFO - vecteezy_black-and-white-of-leaf-shape-icon_20578370_288.zip was moved to C:/Users/Benjamin/Downloads\Archives\vecteezy_black-and-white-of-leaf-shape-icon_20578370_288.zip.
[2024-06-09 20:38:01,887] - INFO - Vision group 63.pdf was moved to C:/Users/Benjamin/Downloads\Documents/PDFs\Vision group 63.pdf.
[2024-06-09 20:38:01,887] - INFO - Vision grupp 06.pdf was moved to C:/Users/Benjamin/Downloads\Documents/PDFs\Vision grupp 06.pdf.
[2024-06-09 20:38:01,888] - INFO - Vision grupp 16.pdf was moved to C:/Users/Benjamin/Downloads\Documents/PDFs\Vision grupp 16.pdf.
[2024-06-09 20:38:01,888] - INFO - Vision grupp 64.pdf was moved to C:/Users/Benjamin/Downloads\Documents/PDFs\Vision grupp 64.pdf.
[2024-06-09 20:38:01,889] - INFO - Vision grupp 65.pdf was moved to C:/Users/Benjamin/Downloads\Documents/PDFs\Vision grupp 65.pdf.
[2024-06-09 20:38:01,889] - INFO - Vision grupp 66.pdf was moved to C:/Users/Benjamin/Downloads\Documents/PDFs\Vision grupp 66.pdf.
[2024-06-09 20:38:01,889] - INFO - Vision_grupp61.pdf was moved to C:/Users/Benjamin/Downloads\Documents/PDFs\Vision_grupp61.pdf.
[2024-06-09 20:38:01,890] - INFO - Vision_grupp_05.pdf was moved to C:/Users/Benjamin/Downloads\Documents/PDFs\Vision_grupp_05.pdf.
[2024-06-09 20:38:01,890] - INFO - Vision_grupp_16.pdf was moved to C:/Users/Benjamin/Downloads\Documents/PDFs\Vision_grupp_16.pdf.
[2024-06-09 20:38:01,891] - INFO - WhatsApp Bild 2024-02-21 kl. 14.24.48_553593a1.jpg was moved to C:/Users/Benjamin/Downloads\Images/Static\WhatsApp Bild 2024-02-21 kl. 14.24.48_553593a1.jpg.
[2024-06-09 20:38:01,891] - INFO - WhatsApp_Bild_2024-02-21_kl._14.24.48_553593a1-removebg-preview.png was moved to C:/Users/Benjamin/Downloads\Images/Static\WhatsApp_Bild_2024-02-21_kl._14.24.48_553593a1-removebg-preview.png.
[2024-06-09 20:38:01,892] - INFO - white-texture.jpg was moved to C:/Users/Benjamin/Downloads\Images/Static\white-texture.jpg.
[2024-06-09 20:38:01,892] - INFO - Wowhead Client.lnk was moved to C:/Users/Benjamin/Downloads\Miscellaneous/Other\Wowhead Client.lnk.
[2024-06-09 20:38:01,892] - INFO - zeigarnik-effect-cheat-sheet.pdf was moved to C:/Users/Benjamin/Downloads\Documents/PDFs\zeigarnik-effect-cheat-sheet.pdf.
[2024-06-09 20:38:01,893] - INFO - Zoom_cm_fo42mnktZ9vvrZo4_mBltU-cN3sYQrS6vaCLB9U8S4a7NStBeIclhS@sLjOMSdbL0LvLt58_kd65021b151bc4dc4_.exe was moved to C:/Users/Benjamin/Downloads\Executables\Zoom_cm_fo42mnktZ9vvrZo4_mBltU-cN3sYQrS6vaCLB9U8S4a7NStBeIclhS@sLjOMSdbL0LvLt58_kd65021b151bc4dc4_.exe.
[2024-06-09 20:38:01,894] - INFO - Öppen tenta anteckningar DB.pdf was moved to C:/Users/Benjamin/Downloads\Documents/PDFs\Öppen tenta anteckningar DB.pdf.
[2024-06-09 20:38:11,960] - INFO - hamcrest-2.2.jar was moved to D:/Downloads\Miscellaneous\hamcrest-2.2.jar.
[2024-06-09 20:38:11,960] - INFO - revosetup.exe was moved to D:/Downloads\Executables\revosetup.exe.
[2024-06-09 20:38:11,960] - INFO - D:/Downloads\Images/GIFs was created.
[2024-06-09 20:38:11,960] - INFO - sloth.gif was moved to D:/Downloads\Images/GIFs\sloth.gif.
